<?xml version="1.0" encoding="UTF-8"?>
<robot generator="Robot 3.1.2 (Python 3.7.4 on win32)" generated="20191108 16:23:17.469" rpa="false">
<suite id="s1" name="SmokeTest" source="D:\PUMA_AUTO\RF_PUMA\PUMA\SmokeTest.robot">
<test id="s1-t1" name="SmokeTest_001_Core_4170_01.01.01 OCR Image process failed(9).">
<kw name="Log" library="BuiltIn">
<doc>Logs the given message with the given level.</doc>
<arguments>
<arg>Step1 \nDescription:\n Create a patient in RIS or local table in PS.\nExpected:\n The patient can create successfully.</arg>
</arguments>
<msg timestamp="20191108 16:23:17.702" level="INFO">Step1 
Description:
Create a patient in RIS or local table in PS.
Expected:
The patient can create successfully.</msg>
<status status="PASS" starttime="20191108 16:23:17.702" endtime="20191108 16:23:17.702"></status>
</kw>
<kw name="Patient Create Randomly">
<assign>
<var>${patientinfo} =</var>
</assign>
<msg timestamp="20191108 16:23:17.705" level="FAIL">No keyword with name 'Patient Create Randomly' found.</msg>
<status status="FAIL" starttime="20191108 16:23:17.705" endtime="20191108 16:23:17.705"></status>
</kw>
<tags>
<tag>Smoke</tag>
</tags>
<status status="FAIL" starttime="20191108 16:23:17.701" endtime="20191108 16:23:17.706" critical="yes">No keyword with name 'Patient Create Randomly' found.</status>
</test>
<test id="s1-t2" name="SmokeTest_002_Core_4172_01.01.02 OCR Image process success(2).">
<kw name="Log" library="BuiltIn">
<doc>Logs the given message with the given level.</doc>
<arguments>
<arg>Step 1 \n Description:\n Create a patient in RIS or local table in PS.\nExpected:\n The patient can create successfully.</arg>
</arguments>
<msg timestamp="20191108 16:23:17.708" level="INFO">Step 1 
Description:
Create a patient in RIS or local table in PS.
Expected:
The patient can create successfully.</msg>
<status status="PASS" starttime="20191108 16:23:17.708" endtime="20191108 16:23:17.708"></status>
</kw>
<kw name="Patient Create Randomly">
<assign>
<var>${patientinfo} =</var>
</assign>
<msg timestamp="20191108 16:23:17.711" level="FAIL">No keyword with name 'Patient Create Randomly' found.</msg>
<status status="FAIL" starttime="20191108 16:23:17.711" endtime="20191108 16:23:17.711"></status>
</kw>
<tags>
<tag>Smoke</tag>
</tags>
<status status="FAIL" starttime="20191108 16:23:17.707" endtime="20191108 16:23:17.712" critical="yes">No keyword with name 'Patient Create Randomly' found.</status>
</test>
<test id="s1-t3" name="SmokeTest_003_Core_4713_02.01.01 Report receive from web service NotifyServer.">
<kw name="Log" library="BuiltIn">
<doc>Logs the given message with the given level.</doc>
<arguments>
<arg>Step 1\n Description:\n1. Create a patient with an exam in RIS or local table in PS.\nExpected:\n 1. The patient with an exam can create successfully.</arg>
</arguments>
<msg timestamp="20191108 16:23:17.714" level="INFO">Step 1
Description:
1. Create a patient with an exam in RIS or local table in PS.
Expected:
1. The patient with an exam can create successfully.</msg>
<status status="PASS" starttime="20191108 16:23:17.714" endtime="20191108 16:23:17.714"></status>
</kw>
<kw name="Patient Create Randomly">
<assign>
<var>${patientinfo} =</var>
</assign>
<msg timestamp="20191108 16:23:17.717" level="FAIL">No keyword with name 'Patient Create Randomly' found.</msg>
<status status="FAIL" starttime="20191108 16:23:17.717" endtime="20191108 16:23:17.717"></status>
</kw>
<tags>
<tag>Smoke</tag>
</tags>
<status status="FAIL" starttime="20191108 16:23:17.713" endtime="20191108 16:23:17.717" critical="yes">No keyword with name 'Patient Create Randomly' found.</status>
</test>
<test id="s1-t4" name="SmokeTest_004_Core_4714_02.01.02 Report receive from web service PrintServer_Reportinfo">
<kw name="Log" library="BuiltIn">
<doc>Logs the given message with the given level.</doc>
<arguments>
<arg>Step 1\n Description:\n1. Create a patient with an exam in RIS or local table in PS.\nExpected:\n 1. The patient with an exam can create successfully.</arg>
</arguments>
<msg timestamp="20191108 16:23:17.720" level="INFO">Step 1
Description:
1. Create a patient with an exam in RIS or local table in PS.
Expected:
1. The patient with an exam can create successfully.</msg>
<status status="PASS" starttime="20191108 16:23:17.720" endtime="20191108 16:23:17.720"></status>
</kw>
<kw name="Patient Create Randomly">
<assign>
<var>${patientinfo} =</var>
</assign>
<msg timestamp="20191108 16:23:17.723" level="FAIL">No keyword with name 'Patient Create Randomly' found.</msg>
<status status="FAIL" starttime="20191108 16:23:17.723" endtime="20191108 16:23:17.723"></status>
</kw>
<tags>
<tag>Smoke</tag>
</tags>
<status status="FAIL" starttime="20191108 16:23:17.719" endtime="20191108 16:23:17.723" critical="yes">No keyword with name 'Patient Create Randomly' found.</status>
</test>
<test id="s1-t5" name="SmokeTest_005_Core_4715_03.01.01 Report receive from Virtual Print success.">
<kw name="Log" library="BuiltIn">
<doc>Logs the given message with the given level.</doc>
<arguments>
<arg>Step 1\n Description:\n1. Create a patient with an exam in RIS or local table in PS.\nExpected:\n 1. The patient with an exam can create successfully.</arg>
</arguments>
<msg timestamp="20191108 16:23:17.726" level="INFO">Step 1
Description:
1. Create a patient with an exam in RIS or local table in PS.
Expected:
1. The patient with an exam can create successfully.</msg>
<status status="PASS" starttime="20191108 16:23:17.726" endtime="20191108 16:23:17.726"></status>
</kw>
<kw name="Patient Create Randomly">
<assign>
<var>${patientinfo} =</var>
</assign>
<msg timestamp="20191108 16:23:17.729" level="FAIL">No keyword with name 'Patient Create Randomly' found.</msg>
<status status="FAIL" starttime="20191108 16:23:17.729" endtime="20191108 16:23:17.729"></status>
</kw>
<tags>
<tag>Smoke</tag>
</tags>
<status status="FAIL" starttime="20191108 16:23:17.725" endtime="20191108 16:23:17.730" critical="yes">No keyword with name 'Patient Create Randomly' found.</status>
</test>
<test id="s1-t6" name="SmokeTest_006_Core_4176_03.01.02 Report receive from Virtual Print failure.">
<kw name="Log" library="BuiltIn">
<doc>Logs the given message with the given level.</doc>
<arguments>
<arg>Step 1\n Description:\n1. Create a patient with an exam in RIS or local table in PS.\nExpected:\n 1. The patient with an exam can create successfully.</arg>
</arguments>
<msg timestamp="20191108 16:23:17.732" level="INFO">Step 1
Description:
1. Create a patient with an exam in RIS or local table in PS.
Expected:
1. The patient with an exam can create successfully.</msg>
<status status="PASS" starttime="20191108 16:23:17.732" endtime="20191108 16:23:17.732"></status>
</kw>
<kw name="Patient Create Randomly">
<assign>
<var>${patientinfo} =</var>
</assign>
<msg timestamp="20191108 16:23:17.735" level="FAIL">No keyword with name 'Patient Create Randomly' found.</msg>
<status status="FAIL" starttime="20191108 16:23:17.735" endtime="20191108 16:23:17.735"></status>
</kw>
<tags>
<tag>Smoke</tag>
</tags>
<status status="FAIL" starttime="20191108 16:23:17.731" endtime="20191108 16:23:17.736" critical="yes">No keyword with name 'Patient Create Randomly' found.</status>
</test>
<test id="s1-t7" name="SmokeTest_007_Core_4178_04.01.01 Terminal K3 Print Workflow with multiple films and multiple reports.">
<kw name="Log" library="BuiltIn">
<doc>Logs the given message with the given level.</doc>
<arguments>
<arg>Step 1 \n Description:\n 1. Configure a K3 terminal on PS. \n 2. Make sure the terminal status is ready to work. \n Expected: \n 1. The operation can execute successfully. \n</arg>
</arguments>
<msg timestamp="20191108 16:23:17.738" level="INFO">Step 1 
Description:
1. Configure a K3 terminal on PS. 
2. Make sure the terminal status is ready to work. 
Expected: 
1. The operation can execute successfully. 
</msg>
<status status="PASS" starttime="20191108 16:23:17.738" endtime="20191108 16:23:17.738"></status>
</kw>
<kw name="Check Terminal Status">
<arguments>
<arg>K3_Terminal01</arg>
</arguments>
<assign>
<var>${Terminal_status} =</var>
</assign>
<msg timestamp="20191108 16:23:17.741" level="FAIL">No keyword with name 'Check Terminal Status' found.</msg>
<status status="FAIL" starttime="20191108 16:23:17.741" endtime="20191108 16:23:17.741"></status>
</kw>
<tags>
<tag>Smoke</tag>
</tags>
<status status="FAIL" starttime="20191108 16:23:17.737" endtime="20191108 16:23:17.742" critical="yes">No keyword with name 'Check Terminal Status' found.</status>
</test>
<test id="s1-t8" name="SmokeTest_008_Core_4177_04.01.02 Terminal K3 Print Workflow with one film and one report.">
<kw name="Log" library="BuiltIn">
<doc>Logs the given message with the given level.</doc>
<arguments>
<arg>Step 1 \n Description:\n 1. Configure a K3 terminal on PS. \n 2. Make sure the terminal status is ready to work. \n Expected: \n 1. The operation can execute successfully. \n</arg>
</arguments>
<msg timestamp="20191108 16:23:17.744" level="INFO">Step 1 
Description:
1. Configure a K3 terminal on PS. 
2. Make sure the terminal status is ready to work. 
Expected: 
1. The operation can execute successfully. 
</msg>
<status status="PASS" starttime="20191108 16:23:17.744" endtime="20191108 16:23:17.744"></status>
</kw>
<kw name="Check Terminal Status">
<arguments>
<arg>K3_Terminal01</arg>
</arguments>
<assign>
<var>${Terminal_status} =</var>
</assign>
<msg timestamp="20191108 16:23:17.747" level="FAIL">No keyword with name 'Check Terminal Status' found.</msg>
<status status="FAIL" starttime="20191108 16:23:17.747" endtime="20191108 16:23:17.747"></status>
</kw>
<tags>
<tag>Smoke</tag>
</tags>
<status status="FAIL" starttime="20191108 16:23:17.743" endtime="20191108 16:23:17.747" critical="yes">No keyword with name 'Check Terminal Status' found.</status>
</test>
<test id="s1-t9" name="SmokeTest_009_Core_4187_04.01.03 Terminal K3 Print Workflow with one film.">
<kw name="Log" library="BuiltIn">
<doc>Logs the given message with the given level.</doc>
<arguments>
<arg>Step 1 \n Description:\n 1. Configure a K3 terminal on PS. \n 2. Make sure the terminal status is ready to work. \n Expected: \n 1. The operation can execute successfully. \n</arg>
</arguments>
<msg timestamp="20191108 16:23:17.750" level="INFO">Step 1 
Description:
1. Configure a K3 terminal on PS. 
2. Make sure the terminal status is ready to work. 
Expected: 
1. The operation can execute successfully. 
</msg>
<status status="PASS" starttime="20191108 16:23:17.749" endtime="20191108 16:23:17.750"></status>
</kw>
<kw name="Check Terminal Status">
<arguments>
<arg>K3_Terminal01</arg>
</arguments>
<assign>
<var>${Terminal_status} =</var>
</assign>
<msg timestamp="20191108 16:23:17.753" level="FAIL">No keyword with name 'Check Terminal Status' found.</msg>
<status status="FAIL" starttime="20191108 16:23:17.753" endtime="20191108 16:23:17.753"></status>
</kw>
<tags>
<tag>Smoke</tag>
</tags>
<status status="FAIL" starttime="20191108 16:23:17.749" endtime="20191108 16:23:17.753" critical="yes">No keyword with name 'Check Terminal Status' found.</status>
</test>
<test id="s1-t10" name="SmokeTest_010_Core_4179_05.01.01 Central Print multi patients with custom terminal">
<kw name="Log" library="BuiltIn">
<doc>Logs the given message with the given level.</doc>
<arguments>
<arg>Step 1 \n Description:\n 1. Configure a custom terminal on PS. \n 2. Make sure the terminal status is ready to work. \n Expected: \n 1. The operation can execute successfully. \n</arg>
</arguments>
<msg timestamp="20191108 16:23:17.756" level="INFO">Step 1 
Description:
1. Configure a custom terminal on PS. 
2. Make sure the terminal status is ready to work. 
Expected: 
1. The operation can execute successfully. 
</msg>
<status status="PASS" starttime="20191108 16:23:17.755" endtime="20191108 16:23:17.756"></status>
</kw>
<kw name="Set Variable" library="BuiltIn">
<doc>Returns the given values which can then be assigned to a variables.</doc>
<arguments>
<arg>5</arg>
</arguments>
<assign>
<var>${exam_count}</var>
</assign>
<msg timestamp="20191108 16:23:17.756" level="INFO">${exam_count} = 5</msg>
<status status="PASS" starttime="20191108 16:23:17.756" endtime="20191108 16:23:17.756"></status>
</kw>
<kw name="Check Terminal Status">
<arguments>
<arg>Customer_Terminal01</arg>
</arguments>
<assign>
<var>${Terminal_status} =</var>
</assign>
<msg timestamp="20191108 16:23:17.760" level="FAIL">No keyword with name 'Check Terminal Status' found.</msg>
<status status="FAIL" starttime="20191108 16:23:17.760" endtime="20191108 16:23:17.760"></status>
</kw>
<tags>
<tag>Smoke</tag>
</tags>
<status status="FAIL" starttime="20191108 16:23:17.754" endtime="20191108 16:23:17.760" critical="yes">No keyword with name 'Check Terminal Status' found.</status>
</test>
<test id="s1-t11" name="SmokeTest_011_Core_4180_06.01.01 Central Print multi patients with standard terminal">
<kw name="Log" library="BuiltIn">
<doc>Logs the given message with the given level.</doc>
<arguments>
<arg>Step 1 \n Description:\n 1. Configure a custom terminal on PS. \n 2. Make sure the terminal status is ready to work. \n Expected: \n 1. The operation can execute successfully. \n</arg>
</arguments>
<msg timestamp="20191108 16:23:17.763" level="INFO">Step 1 
Description:
1. Configure a custom terminal on PS. 
2. Make sure the terminal status is ready to work. 
Expected: 
1. The operation can execute successfully. 
</msg>
<status status="PASS" starttime="20191108 16:23:17.762" endtime="20191108 16:23:17.763"></status>
</kw>
<kw name="Set Variable" library="BuiltIn">
<doc>Returns the given values which can then be assigned to a variables.</doc>
<arguments>
<arg>1</arg>
</arguments>
<assign>
<var>${exam_count}</var>
</assign>
<msg timestamp="20191108 16:23:17.763" level="INFO">${exam_count} = 1</msg>
<status status="PASS" starttime="20191108 16:23:17.763" endtime="20191108 16:23:17.763"></status>
</kw>
<kw name="Check Terminal Status">
<arguments>
<arg>K3_Terminal01</arg>
</arguments>
<assign>
<var>${Terminal_status} =</var>
</assign>
<msg timestamp="20191108 16:23:17.766" level="FAIL">No keyword with name 'Check Terminal Status' found.</msg>
<status status="FAIL" starttime="20191108 16:23:17.766" endtime="20191108 16:23:17.767"></status>
</kw>
<tags>
<tag>Smoke</tag>
</tags>
<status status="FAIL" starttime="20191108 16:23:17.762" endtime="20191108 16:23:17.767" critical="yes">No keyword with name 'Check Terminal Status' found.</status>
</test>
<test id="s1-t12" name="SmokeTest_0012_Core_4181_07.01.01 Worklist workflow fuzzy query by patientid">
<kw name="Log" library="BuiltIn">
<doc>Logs the given message with the given level.</doc>
<arguments>
<arg>Step 1 \n Description \n 1. Prepare some patients /exams in PS system. \n Expected: \n 1. The preparation can finish successfully. \n</arg>
</arguments>
<msg timestamp="20191108 16:23:17.769" level="INFO">Step 1 
Description 
1. Prepare some patients /exams in PS system. 
Expected: 
1. The preparation can finish successfully. 
</msg>
<status status="PASS" starttime="20191108 16:23:17.769" endtime="20191108 16:23:17.769"></status>
</kw>
<kw name="Log" library="BuiltIn">
<doc>Logs the given message with the given level.</doc>
<arguments>
<arg>Step 2 \n Description: \n 1. Use the fuzzy query API to simalute the fuzzy query operation with patient id. \n Expected: \n The records count and information should be correct. \n</arg>
</arguments>
<msg timestamp="20191108 16:23:17.770" level="INFO">Step 2 
Description: 
1. Use the fuzzy query API to simalute the fuzzy query operation with patient id. 
Expected: 
The records count and information should be correct. 
</msg>
<status status="PASS" starttime="20191108 16:23:17.770" endtime="20191108 16:23:17.770"></status>
</kw>
<kw name="Platform Login User Pwd">
<arguments>
<arg>admin</arg>
<arg>123456</arg>
</arguments>
<assign>
<var>${login_result} =</var>
</assign>
<msg timestamp="20191108 16:23:17.773" level="FAIL">No keyword with name 'Platform Login User Pwd' found.</msg>
<status status="FAIL" starttime="20191108 16:23:17.773" endtime="20191108 16:23:17.773"></status>
</kw>
<tags>
<tag>Smoke</tag>
</tags>
<status status="FAIL" starttime="20191108 16:23:17.768" endtime="20191108 16:23:17.773" critical="yes">No keyword with name 'Platform Login User Pwd' found.</status>
</test>
<test id="s1-t13" name="SmokeTest_0013_Core_4182_07.01.02 Worklist workflow fuzzy query by accession number.">
<kw name="Log" library="BuiltIn">
<doc>Logs the given message with the given level.</doc>
<arguments>
<arg>Step 1 \n Description \n 1. Prepare some patients /exams in PS system. \n Expected: \n 1. The preparation can finish successfully. \n</arg>
</arguments>
<msg timestamp="20191108 16:23:17.776" level="INFO">Step 1 
Description 
1. Prepare some patients /exams in PS system. 
Expected: 
1. The preparation can finish successfully. 
</msg>
<status status="PASS" starttime="20191108 16:23:17.776" endtime="20191108 16:23:17.776"></status>
</kw>
<kw name="Log" library="BuiltIn">
<doc>Logs the given message with the given level.</doc>
<arguments>
<arg>Step 2 \n Description: \n 1. Use the fuzzy query API to simalute the fuzzy query operation with patient`s accession number. \n Expected: \n The records count and information should be correct. \n</arg>
</arguments>
<msg timestamp="20191108 16:23:17.776" level="INFO">Step 2 
Description: 
1. Use the fuzzy query API to simalute the fuzzy query operation with patient`s accession number. 
Expected: 
The records count and information should be correct. 
</msg>
<status status="PASS" starttime="20191108 16:23:17.776" endtime="20191108 16:23:17.777"></status>
</kw>
<kw name="Platform Login User Pwd">
<arguments>
<arg>admin</arg>
<arg>123456</arg>
</arguments>
<assign>
<var>${login_result} =</var>
</assign>
<msg timestamp="20191108 16:23:17.780" level="FAIL">No keyword with name 'Platform Login User Pwd' found.</msg>
<status status="FAIL" starttime="20191108 16:23:17.780" endtime="20191108 16:23:17.780"></status>
</kw>
<tags>
<tag>Smoke</tag>
</tags>
<status status="FAIL" starttime="20191108 16:23:17.775" endtime="20191108 16:23:17.780" critical="yes">No keyword with name 'Platform Login User Pwd' found.</status>
</test>
<test id="s1-t14" name="SmokeTest_0014_Core_4183_07.01.03 Worklist workflow fuzzy query by patient name.">
<kw name="Log" library="BuiltIn">
<doc>Logs the given message with the given level.</doc>
<arguments>
<arg>Step 1 \n Description \n 1. Prepare some patients /exams in PS system. \n Expected: \n 1. The preparation can finish successfully. \n</arg>
</arguments>
<msg timestamp="20191108 16:23:17.783" level="INFO">Step 1 
Description 
1. Prepare some patients /exams in PS system. 
Expected: 
1. The preparation can finish successfully. 
</msg>
<status status="PASS" starttime="20191108 16:23:17.782" endtime="20191108 16:23:17.783"></status>
</kw>
<kw name="Log" library="BuiltIn">
<doc>Logs the given message with the given level.</doc>
<arguments>
<arg>Step 2 \n Description: \n 1. Use the fuzzy query API to simalute the fuzzy query operation with patient`s accession number. \n Expected: \n The records count and information should be correct. \n</arg>
</arguments>
<msg timestamp="20191108 16:23:17.783" level="INFO">Step 2 
Description: 
1. Use the fuzzy query API to simalute the fuzzy query operation with patient`s accession number. 
Expected: 
The records count and information should be correct. 
</msg>
<status status="PASS" starttime="20191108 16:23:17.783" endtime="20191108 16:23:17.783"></status>
</kw>
<kw name="Platform Login User Pwd">
<arguments>
<arg>admin</arg>
<arg>123456</arg>
</arguments>
<assign>
<var>${login_result} =</var>
</assign>
<msg timestamp="20191108 16:23:17.786" level="FAIL">No keyword with name 'Platform Login User Pwd' found.</msg>
<status status="FAIL" starttime="20191108 16:23:17.786" endtime="20191108 16:23:17.787"></status>
</kw>
<tags>
<tag>Smoke</tag>
</tags>
<status status="FAIL" starttime="20191108 16:23:17.782" endtime="20191108 16:23:17.787" critical="yes">No keyword with name 'Platform Login User Pwd' found.</status>
</test>
<test id="s1-t15" name="SmokeTest_0015_Core_4184_07.01.04 Worklist workflow create a short cut with condition of patient type.">
<kw name="Log" library="BuiltIn">
<doc>Logs the given message with the given level.</doc>
<arguments>
<arg>Step 1 \n Description: \n 1. Prepare some patients/exams in PS system. \n Expected: \n 1. The preparation can finish successfully. \n</arg>
</arguments>
<msg timestamp="20191108 16:23:17.790" level="INFO">Step 1 
Description: 
1. Prepare some patients/exams in PS system. 
Expected: 
1. The preparation can finish successfully. 
</msg>
<status status="PASS" starttime="20191108 16:23:17.790" endtime="20191108 16:23:17.790"></status>
</kw>
<kw name="Log" library="BuiltIn">
<doc>Logs the given message with the given level.</doc>
<arguments>
<arg>Step 2 \n Description:\n 1.Clear the query condition with API in worklist. \n Expected Result:\n 1. The operation can execute successfully. \n</arg>
</arguments>
<msg timestamp="20191108 16:23:17.791" level="INFO">Step 2 
Description:
1.Clear the query condition with API in worklist. 
Expected Result:
1. The operation can execute successfully. 
</msg>
<status status="PASS" starttime="20191108 16:23:17.791" endtime="20191108 16:23:17.791"></status>
</kw>
<kw name="Log" library="BuiltIn">
<doc>Logs the given message with the given level.</doc>
<arguments>
<arg>Step 3 \n Description: \n 1. Use the query API to query all records of one patient type. \n Expected:\n 1. The query result should be correct. \n</arg>
</arguments>
<msg timestamp="20191108 16:23:17.792" level="INFO">Step 3 
Description: 
1. Use the query API to query all records of one patient type. 
Expected:
1. The query result should be correct. 
</msg>
<status status="PASS" starttime="20191108 16:23:17.791" endtime="20191108 16:23:17.792"></status>
</kw>
<kw name="Platform Login User Pwd">
<arguments>
<arg>admin</arg>
<arg>123456</arg>
</arguments>
<assign>
<var>${login_result} =</var>
</assign>
<msg timestamp="20191108 16:23:17.795" level="FAIL">No keyword with name 'Platform Login User Pwd' found.</msg>
<status status="FAIL" starttime="20191108 16:23:17.795" endtime="20191108 16:23:17.795"></status>
</kw>
<tags>
<tag>Smoke</tag>
</tags>
<status status="FAIL" starttime="20191108 16:23:17.789" endtime="20191108 16:23:17.795" critical="yes">No keyword with name 'Platform Login User Pwd' found.</status>
</test>
<status status="FAIL" starttime="20191108 16:23:17.472" endtime="20191108 16:23:17.797"></status>
</suite>
<statistics>
<total>
<stat pass="0" fail="15">Critical Tests</stat>
<stat pass="0" fail="15">All Tests</stat>
</total>
<tag>
<stat pass="0" fail="15">Smoke</stat>
</tag>
<suite>
<stat pass="0" fail="15" id="s1" name="SmokeTest">SmokeTest</stat>
</suite>
</statistics>
<errors>
<msg timestamp="20191108 16:23:17.657" level="ERROR">Error in file 'D:\PUMA_AUTO\RF_PUMA\PUMA\SmokeTest.robot': Importing test library 'PUMA_ParameterAndSettings' failed: ModuleNotFoundError: No module named 'PUMA_ParameterAndSettings'
Traceback (most recent call last):
  None
PYTHONPATH:
  C:\Program Files (x86)\Python37\Scripts\robot.exe
  D:\PUMA_AUTO\RF_PUMA\PUMA\Libs；
  c:\program files (x86)\python37\python37.zip
  c:\program files (x86)\python37\DLLs
  c:\program files (x86)\python37\lib
  c:\program files (x86)\python37
  c:\program files (x86)\python37\lib\site-packages
  c:\program files (x86)\python37\lib\site-packages\win32
  c:\program files (x86)\python37\lib\site-packages\win32\lib
  c:\program files (x86)\python37\lib\site-packages\Pythonwin</msg>
<msg timestamp="20191108 16:23:17.662" level="ERROR">Error in file 'D:\PUMA_AUTO\RF_PUMA\PUMA\SmokeTest.robot': Importing test library 'PUMA_DatabaseLibrary' failed: ModuleNotFoundError: No module named 'PUMA_DatabaseLibrary'
Traceback (most recent call last):
  None
PYTHONPATH:
  C:\Program Files (x86)\Python37\Scripts\robot.exe
  D:\PUMA_AUTO\RF_PUMA\PUMA\Libs；
  c:\program files (x86)\python37\python37.zip
  c:\program files (x86)\python37\DLLs
  c:\program files (x86)\python37\lib
  c:\program files (x86)\python37
  c:\program files (x86)\python37\lib\site-packages
  c:\program files (x86)\python37\lib\site-packages\win32
  c:\program files (x86)\python37\lib\site-packages\win32\lib
  c:\program files (x86)\python37\lib\site-packages\Pythonwin</msg>
<msg timestamp="20191108 16:23:17.668" level="ERROR">Error in file 'D:\PUMA_AUTO\RF_PUMA\PUMA\SmokeTest.robot': Importing test library 'PUMA_FilmLibrary' failed: ModuleNotFoundError: No module named 'PUMA_FilmLibrary'
Traceback (most recent call last):
  None
PYTHONPATH:
  C:\Program Files (x86)\Python37\Scripts\robot.exe
  D:\PUMA_AUTO\RF_PUMA\PUMA\Libs；
  c:\program files (x86)\python37\python37.zip
  c:\program files (x86)\python37\DLLs
  c:\program files (x86)\python37\lib
  c:\program files (x86)\python37
  c:\program files (x86)\python37\lib\site-packages
  c:\program files (x86)\python37\lib\site-packages\win32
  c:\program files (x86)\python37\lib\site-packages\win32\lib
  c:\program files (x86)\python37\lib\site-packages\Pythonwin</msg>
<msg timestamp="20191108 16:23:17.673" level="ERROR">Error in file 'D:\PUMA_AUTO\RF_PUMA\PUMA\SmokeTest.robot': Importing test library 'PUMA_HoldTimeLibrary' failed: ModuleNotFoundError: No module named 'PUMA_HoldTimeLibrary'
Traceback (most recent call last):
  None
PYTHONPATH:
  C:\Program Files (x86)\Python37\Scripts\robot.exe
  D:\PUMA_AUTO\RF_PUMA\PUMA\Libs；
  c:\program files (x86)\python37\python37.zip
  c:\program files (x86)\python37\DLLs
  c:\program files (x86)\python37\lib
  c:\program files (x86)\python37
  c:\program files (x86)\python37\lib\site-packages
  c:\program files (x86)\python37\lib\site-packages\win32
  c:\program files (x86)\python37\lib\site-packages\win32\lib
  c:\program files (x86)\python37\lib\site-packages\Pythonwin</msg>
<msg timestamp="20191108 16:23:17.678" level="ERROR">Error in file 'D:\PUMA_AUTO\RF_PUMA\PUMA\SmokeTest.robot': Importing test library 'PUMA_PatientLibrary' failed: ModuleNotFoundError: No module named 'PUMA_PatientLibrary'
Traceback (most recent call last):
  None
PYTHONPATH:
  C:\Program Files (x86)\Python37\Scripts\robot.exe
  D:\PUMA_AUTO\RF_PUMA\PUMA\Libs；
  c:\program files (x86)\python37\python37.zip
  c:\program files (x86)\python37\DLLs
  c:\program files (x86)\python37\lib
  c:\program files (x86)\python37
  c:\program files (x86)\python37\lib\site-packages
  c:\program files (x86)\python37\lib\site-packages\win32
  c:\program files (x86)\python37\lib\site-packages\win32\lib
  c:\program files (x86)\python37\lib\site-packages\Pythonwin</msg>
<msg timestamp="20191108 16:23:17.682" level="ERROR">Error in file 'D:\PUMA_AUTO\RF_PUMA\PUMA\SmokeTest.robot': Importing test library 'PUMA_PlatformLibrary' failed: ModuleNotFoundError: No module named 'PUMA_PlatformLibrary'
Traceback (most recent call last):
  None
PYTHONPATH:
  C:\Program Files (x86)\Python37\Scripts\robot.exe
  D:\PUMA_AUTO\RF_PUMA\PUMA\Libs；
  c:\program files (x86)\python37\python37.zip
  c:\program files (x86)\python37\DLLs
  c:\program files (x86)\python37\lib
  c:\program files (x86)\python37
  c:\program files (x86)\python37\lib\site-packages
  c:\program files (x86)\python37\lib\site-packages\win32
  c:\program files (x86)\python37\lib\site-packages\win32\lib
  c:\program files (x86)\python37\lib\site-packages\Pythonwin</msg>
<msg timestamp="20191108 16:23:17.687" level="ERROR">Error in file 'D:\PUMA_AUTO\RF_PUMA\PUMA\SmokeTest.robot': Importing test library 'PUMA_PrintModeLibrary' failed: ModuleNotFoundError: No module named 'PUMA_PrintModeLibrary'
Traceback (most recent call last):
  None
PYTHONPATH:
  C:\Program Files (x86)\Python37\Scripts\robot.exe
  D:\PUMA_AUTO\RF_PUMA\PUMA\Libs；
  c:\program files (x86)\python37\python37.zip
  c:\program files (x86)\python37\DLLs
  c:\program files (x86)\python37\lib
  c:\program files (x86)\python37
  c:\program files (x86)\python37\lib\site-packages
  c:\program files (x86)\python37\lib\site-packages\win32
  c:\program files (x86)\python37\lib\site-packages\win32\lib
  c:\program files (x86)\python37\lib\site-packages\Pythonwin</msg>
<msg timestamp="20191108 16:23:17.692" level="ERROR">Error in file 'D:\PUMA_AUTO\RF_PUMA\PUMA\SmokeTest.robot': Importing test library 'PUMA_ReportLibrary' failed: ModuleNotFoundError: No module named 'PUMA_ReportLibrary'
Traceback (most recent call last):
  None
PYTHONPATH:
  C:\Program Files (x86)\Python37\Scripts\robot.exe
  D:\PUMA_AUTO\RF_PUMA\PUMA\Libs；
  c:\program files (x86)\python37\python37.zip
  c:\program files (x86)\python37\DLLs
  c:\program files (x86)\python37\lib
  c:\program files (x86)\python37
  c:\program files (x86)\python37\lib\site-packages
  c:\program files (x86)\python37\lib\site-packages\win32
  c:\program files (x86)\python37\lib\site-packages\win32\lib
  c:\program files (x86)\python37\lib\site-packages\Pythonwin</msg>
<msg timestamp="20191108 16:23:17.698" level="ERROR">Error in file 'D:\PUMA_AUTO\RF_PUMA\PUMA\SmokeTest.robot': Importing test library 'PUMA_TerminalLibrary' failed: ModuleNotFoundError: No module named 'PUMA_TerminalLibrary'
Traceback (most recent call last):
  None
PYTHONPATH:
  C:\Program Files (x86)\Python37\Scripts\robot.exe
  D:\PUMA_AUTO\RF_PUMA\PUMA\Libs；
  c:\program files (x86)\python37\python37.zip
  c:\program files (x86)\python37\DLLs
  c:\program files (x86)\python37\lib
  c:\program files (x86)\python37
  c:\program files (x86)\python37\lib\site-packages
  c:\program files (x86)\python37\lib\site-packages\win32
  c:\program files (x86)\python37\lib\site-packages\win32\lib
  c:\program files (x86)\python37\lib\site-packages\Pythonwin</msg>
</errors>
</robot>
