<?xml version="1.0" encoding="UTF-8"?>
<robot generator="Robot 3.1.2 (Python 3.7.4 on win32)" generated="20191108 16:25:51.899" rpa="false">
<suite id="s1" name="SmokeTest" source="D:\PUMA_AUTO\RF_PUMA\PUMA\SmokeTest.robot">
<test id="s1-t1" name="SmokeTest_001_Core_4170_01.01.01 OCR Image process failed(9).">
<kw name="Log" library="BuiltIn">
<doc>Logs the given message with the given level.</doc>
<arguments>
<arg>Step1 \nDescription:\n Create a patient in RIS or local table in PS.\nExpected:\n The patient can create successfully.</arg>
</arguments>
<msg timestamp="20191108 16:25:52.134" level="INFO">Step1 
Description:
Create a patient in RIS or local table in PS.
Expected:
The patient can create successfully.</msg>
<status status="PASS" starttime="20191108 16:25:52.134" endtime="20191108 16:25:52.149"></status>
</kw>
<kw name="Patient Create Randomly">
<assign>
<var>${patientinfo} =</var>
</assign>
<msg timestamp="20191108 16:25:52.149" level="FAIL">No keyword with name 'Patient Create Randomly' found.</msg>
<status status="FAIL" starttime="20191108 16:25:52.149" endtime="20191108 16:25:52.149"></status>
</kw>
<tags>
<tag>Smoke</tag>
</tags>
<status status="FAIL" starttime="20191108 16:25:52.134" endtime="20191108 16:25:52.149" critical="yes">No keyword with name 'Patient Create Randomly' found.</status>
</test>
<test id="s1-t2" name="SmokeTest_002_Core_4172_01.01.02 OCR Image process success(2).">
<kw name="Log" library="BuiltIn">
<doc>Logs the given message with the given level.</doc>
<arguments>
<arg>Step 1 \n Description:\n Create a patient in RIS or local table in PS.\nExpected:\n The patient can create successfully.</arg>
</arguments>
<msg timestamp="20191108 16:25:52.149" level="INFO">Step 1 
Description:
Create a patient in RIS or local table in PS.
Expected:
The patient can create successfully.</msg>
<status status="PASS" starttime="20191108 16:25:52.149" endtime="20191108 16:25:52.149"></status>
</kw>
<kw name="Patient Create Randomly">
<assign>
<var>${patientinfo} =</var>
</assign>
<msg timestamp="20191108 16:25:52.149" level="FAIL">No keyword with name 'Patient Create Randomly' found.</msg>
<status status="FAIL" starttime="20191108 16:25:52.149" endtime="20191108 16:25:52.149"></status>
</kw>
<tags>
<tag>Smoke</tag>
</tags>
<status status="FAIL" starttime="20191108 16:25:52.149" endtime="20191108 16:25:52.149" critical="yes">No keyword with name 'Patient Create Randomly' found.</status>
</test>
<test id="s1-t3" name="SmokeTest_003_Core_4713_02.01.01 Report receive from web service NotifyServer.">
<kw name="Log" library="BuiltIn">
<doc>Logs the given message with the given level.</doc>
<arguments>
<arg>Step 1\n Description:\n1. Create a patient with an exam in RIS or local table in PS.\nExpected:\n 1. The patient with an exam can create successfully.</arg>
</arguments>
<msg timestamp="20191108 16:25:52.149" level="INFO">Step 1
Description:
1. Create a patient with an exam in RIS or local table in PS.
Expected:
1. The patient with an exam can create successfully.</msg>
<status status="PASS" starttime="20191108 16:25:52.149" endtime="20191108 16:25:52.149"></status>
</kw>
<kw name="Patient Create Randomly">
<assign>
<var>${patientinfo} =</var>
</assign>
<msg timestamp="20191108 16:25:52.165" level="FAIL">No keyword with name 'Patient Create Randomly' found.</msg>
<status status="FAIL" starttime="20191108 16:25:52.165" endtime="20191108 16:25:52.165"></status>
</kw>
<tags>
<tag>Smoke</tag>
</tags>
<status status="FAIL" starttime="20191108 16:25:52.149" endtime="20191108 16:25:52.165" critical="yes">No keyword with name 'Patient Create Randomly' found.</status>
</test>
<test id="s1-t4" name="SmokeTest_004_Core_4714_02.01.02 Report receive from web service PrintServer_Reportinfo">
<kw name="Log" library="BuiltIn">
<doc>Logs the given message with the given level.</doc>
<arguments>
<arg>Step 1\n Description:\n1. Create a patient with an exam in RIS or local table in PS.\nExpected:\n 1. The patient with an exam can create successfully.</arg>
</arguments>
<msg timestamp="20191108 16:25:52.165" level="INFO">Step 1
Description:
1. Create a patient with an exam in RIS or local table in PS.
Expected:
1. The patient with an exam can create successfully.</msg>
<status status="PASS" starttime="20191108 16:25:52.165" endtime="20191108 16:25:52.165"></status>
</kw>
<kw name="Patient Create Randomly">
<assign>
<var>${patientinfo} =</var>
</assign>
<msg timestamp="20191108 16:25:52.165" level="FAIL">No keyword with name 'Patient Create Randomly' found.</msg>
<status status="FAIL" starttime="20191108 16:25:52.165" endtime="20191108 16:25:52.165"></status>
</kw>
<tags>
<tag>Smoke</tag>
</tags>
<status status="FAIL" starttime="20191108 16:25:52.165" endtime="20191108 16:25:52.165" critical="yes">No keyword with name 'Patient Create Randomly' found.</status>
</test>
<test id="s1-t5" name="SmokeTest_005_Core_4715_03.01.01 Report receive from Virtual Print success.">
<kw name="Log" library="BuiltIn">
<doc>Logs the given message with the given level.</doc>
<arguments>
<arg>Step 1\n Description:\n1. Create a patient with an exam in RIS or local table in PS.\nExpected:\n 1. The patient with an exam can create successfully.</arg>
</arguments>
<msg timestamp="20191108 16:25:52.165" level="INFO">Step 1
Description:
1. Create a patient with an exam in RIS or local table in PS.
Expected:
1. The patient with an exam can create successfully.</msg>
<status status="PASS" starttime="20191108 16:25:52.165" endtime="20191108 16:25:52.165"></status>
</kw>
<kw name="Patient Create Randomly">
<assign>
<var>${patientinfo} =</var>
</assign>
<msg timestamp="20191108 16:25:52.165" level="FAIL">No keyword with name 'Patient Create Randomly' found.</msg>
<status status="FAIL" starttime="20191108 16:25:52.165" endtime="20191108 16:25:52.165"></status>
</kw>
<tags>
<tag>Smoke</tag>
</tags>
<status status="FAIL" starttime="20191108 16:25:52.165" endtime="20191108 16:25:52.165" critical="yes">No keyword with name 'Patient Create Randomly' found.</status>
</test>
<test id="s1-t6" name="SmokeTest_006_Core_4176_03.01.02 Report receive from Virtual Print failure.">
<kw name="Log" library="BuiltIn">
<doc>Logs the given message with the given level.</doc>
<arguments>
<arg>Step 1\n Description:\n1. Create a patient with an exam in RIS or local table in PS.\nExpected:\n 1. The patient with an exam can create successfully.</arg>
</arguments>
<msg timestamp="20191108 16:25:52.181" level="INFO">Step 1
Description:
1. Create a patient with an exam in RIS or local table in PS.
Expected:
1. The patient with an exam can create successfully.</msg>
<status status="PASS" starttime="20191108 16:25:52.181" endtime="20191108 16:25:52.181"></status>
</kw>
<kw name="Patient Create Randomly">
<assign>
<var>${patientinfo} =</var>
</assign>
<msg timestamp="20191108 16:25:52.181" level="FAIL">No keyword with name 'Patient Create Randomly' found.</msg>
<status status="FAIL" starttime="20191108 16:25:52.181" endtime="20191108 16:25:52.181"></status>
</kw>
<tags>
<tag>Smoke</tag>
</tags>
<status status="FAIL" starttime="20191108 16:25:52.181" endtime="20191108 16:25:52.181" critical="yes">No keyword with name 'Patient Create Randomly' found.</status>
</test>
<test id="s1-t7" name="SmokeTest_007_Core_4178_04.01.01 Terminal K3 Print Workflow with multiple films and multiple reports.">
<kw name="Log" library="BuiltIn">
<doc>Logs the given message with the given level.</doc>
<arguments>
<arg>Step 1 \n Description:\n 1. Configure a K3 terminal on PS. \n 2. Make sure the terminal status is ready to work. \n Expected: \n 1. The operation can execute successfully. \n</arg>
</arguments>
<msg timestamp="20191108 16:25:52.196" level="INFO">Step 1 
Description:
1. Configure a K3 terminal on PS. 
2. Make sure the terminal status is ready to work. 
Expected: 
1. The operation can execute successfully. 
</msg>
<status status="PASS" starttime="20191108 16:25:52.196" endtime="20191108 16:25:52.196"></status>
</kw>
<kw name="Check Terminal Status">
<arguments>
<arg>K3_Terminal01</arg>
</arguments>
<assign>
<var>${Terminal_status} =</var>
</assign>
<msg timestamp="20191108 16:25:52.196" level="FAIL">No keyword with name 'Check Terminal Status' found.</msg>
<status status="FAIL" starttime="20191108 16:25:52.196" endtime="20191108 16:25:52.196"></status>
</kw>
<tags>
<tag>Smoke</tag>
</tags>
<status status="FAIL" starttime="20191108 16:25:52.196" endtime="20191108 16:25:52.196" critical="yes">No keyword with name 'Check Terminal Status' found.</status>
</test>
<test id="s1-t8" name="SmokeTest_008_Core_4177_04.01.02 Terminal K3 Print Workflow with one film and one report.">
<kw name="Log" library="BuiltIn">
<doc>Logs the given message with the given level.</doc>
<arguments>
<arg>Step 1 \n Description:\n 1. Configure a K3 terminal on PS. \n 2. Make sure the terminal status is ready to work. \n Expected: \n 1. The operation can execute successfully. \n</arg>
</arguments>
<msg timestamp="20191108 16:25:52.196" level="INFO">Step 1 
Description:
1. Configure a K3 terminal on PS. 
2. Make sure the terminal status is ready to work. 
Expected: 
1. The operation can execute successfully. 
</msg>
<status status="PASS" starttime="20191108 16:25:52.196" endtime="20191108 16:25:52.196"></status>
</kw>
<kw name="Check Terminal Status">
<arguments>
<arg>K3_Terminal01</arg>
</arguments>
<assign>
<var>${Terminal_status} =</var>
</assign>
<msg timestamp="20191108 16:25:52.196" level="FAIL">No keyword with name 'Check Terminal Status' found.</msg>
<status status="FAIL" starttime="20191108 16:25:52.196" endtime="20191108 16:25:52.196"></status>
</kw>
<tags>
<tag>Smoke</tag>
</tags>
<status status="FAIL" starttime="20191108 16:25:52.196" endtime="20191108 16:25:52.196" critical="yes">No keyword with name 'Check Terminal Status' found.</status>
</test>
<test id="s1-t9" name="SmokeTest_009_Core_4187_04.01.03 Terminal K3 Print Workflow with one film.">
<kw name="Log" library="BuiltIn">
<doc>Logs the given message with the given level.</doc>
<arguments>
<arg>Step 1 \n Description:\n 1. Configure a K3 terminal on PS. \n 2. Make sure the terminal status is ready to work. \n Expected: \n 1. The operation can execute successfully. \n</arg>
</arguments>
<msg timestamp="20191108 16:25:52.212" level="INFO">Step 1 
Description:
1. Configure a K3 terminal on PS. 
2. Make sure the terminal status is ready to work. 
Expected: 
1. The operation can execute successfully. 
</msg>
<status status="PASS" starttime="20191108 16:25:52.196" endtime="20191108 16:25:52.212"></status>
</kw>
<kw name="Check Terminal Status">
<arguments>
<arg>K3_Terminal01</arg>
</arguments>
<assign>
<var>${Terminal_status} =</var>
</assign>
<msg timestamp="20191108 16:25:52.212" level="FAIL">No keyword with name 'Check Terminal Status' found.</msg>
<status status="FAIL" starttime="20191108 16:25:52.212" endtime="20191108 16:25:52.212"></status>
</kw>
<tags>
<tag>Smoke</tag>
</tags>
<status status="FAIL" starttime="20191108 16:25:52.196" endtime="20191108 16:25:52.212" critical="yes">No keyword with name 'Check Terminal Status' found.</status>
</test>
<test id="s1-t10" name="SmokeTest_010_Core_4179_05.01.01 Central Print multi patients with custom terminal">
<kw name="Log" library="BuiltIn">
<doc>Logs the given message with the given level.</doc>
<arguments>
<arg>Step 1 \n Description:\n 1. Configure a custom terminal on PS. \n 2. Make sure the terminal status is ready to work. \n Expected: \n 1. The operation can execute successfully. \n</arg>
</arguments>
<msg timestamp="20191108 16:25:52.212" level="INFO">Step 1 
Description:
1. Configure a custom terminal on PS. 
2. Make sure the terminal status is ready to work. 
Expected: 
1. The operation can execute successfully. 
</msg>
<status status="PASS" starttime="20191108 16:25:52.212" endtime="20191108 16:25:52.212"></status>
</kw>
<kw name="Set Variable" library="BuiltIn">
<doc>Returns the given values which can then be assigned to a variables.</doc>
<arguments>
<arg>5</arg>
</arguments>
<assign>
<var>${exam_count}</var>
</assign>
<msg timestamp="20191108 16:25:52.212" level="INFO">${exam_count} = 5</msg>
<status status="PASS" starttime="20191108 16:25:52.212" endtime="20191108 16:25:52.212"></status>
</kw>
<kw name="Check Terminal Status">
<arguments>
<arg>Customer_Terminal01</arg>
</arguments>
<assign>
<var>${Terminal_status} =</var>
</assign>
<msg timestamp="20191108 16:25:52.228" level="FAIL">No keyword with name 'Check Terminal Status' found.</msg>
<status status="FAIL" starttime="20191108 16:25:52.228" endtime="20191108 16:25:52.228"></status>
</kw>
<tags>
<tag>Smoke</tag>
</tags>
<status status="FAIL" starttime="20191108 16:25:52.212" endtime="20191108 16:25:52.228" critical="yes">No keyword with name 'Check Terminal Status' found.</status>
</test>
<test id="s1-t11" name="SmokeTest_011_Core_4180_06.01.01 Central Print multi patients with standard terminal">
<kw name="Log" library="BuiltIn">
<doc>Logs the given message with the given level.</doc>
<arguments>
<arg>Step 1 \n Description:\n 1. Configure a custom terminal on PS. \n 2. Make sure the terminal status is ready to work. \n Expected: \n 1. The operation can execute successfully. \n</arg>
</arguments>
<msg timestamp="20191108 16:25:52.228" level="INFO">Step 1 
Description:
1. Configure a custom terminal on PS. 
2. Make sure the terminal status is ready to work. 
Expected: 
1. The operation can execute successfully. 
</msg>
<status status="PASS" starttime="20191108 16:25:52.228" endtime="20191108 16:25:52.228"></status>
</kw>
<kw name="Set Variable" library="BuiltIn">
<doc>Returns the given values which can then be assigned to a variables.</doc>
<arguments>
<arg>1</arg>
</arguments>
<assign>
<var>${exam_count}</var>
</assign>
<msg timestamp="20191108 16:25:52.228" level="INFO">${exam_count} = 1</msg>
<status status="PASS" starttime="20191108 16:25:52.228" endtime="20191108 16:25:52.228"></status>
</kw>
<kw name="Check Terminal Status">
<arguments>
<arg>K3_Terminal01</arg>
</arguments>
<assign>
<var>${Terminal_status} =</var>
</assign>
<msg timestamp="20191108 16:25:52.228" level="FAIL">No keyword with name 'Check Terminal Status' found.</msg>
<status status="FAIL" starttime="20191108 16:25:52.228" endtime="20191108 16:25:52.228"></status>
</kw>
<tags>
<tag>Smoke</tag>
</tags>
<status status="FAIL" starttime="20191108 16:25:52.228" endtime="20191108 16:25:52.228" critical="yes">No keyword with name 'Check Terminal Status' found.</status>
</test>
<test id="s1-t12" name="SmokeTest_0012_Core_4181_07.01.01 Worklist workflow fuzzy query by patientid">
<kw name="Log" library="BuiltIn">
<doc>Logs the given message with the given level.</doc>
<arguments>
<arg>Step 1 \n Description \n 1. Prepare some patients /exams in PS system. \n Expected: \n 1. The preparation can finish successfully. \n</arg>
</arguments>
<msg timestamp="20191108 16:25:52.228" level="INFO">Step 1 
Description 
1. Prepare some patients /exams in PS system. 
Expected: 
1. The preparation can finish successfully. 
</msg>
<status status="PASS" starttime="20191108 16:25:52.228" endtime="20191108 16:25:52.228"></status>
</kw>
<kw name="Log" library="BuiltIn">
<doc>Logs the given message with the given level.</doc>
<arguments>
<arg>Step 2 \n Description: \n 1. Use the fuzzy query API to simalute the fuzzy query operation with patient id. \n Expected: \n The records count and information should be correct. \n</arg>
</arguments>
<msg timestamp="20191108 16:25:52.228" level="INFO">Step 2 
Description: 
1. Use the fuzzy query API to simalute the fuzzy query operation with patient id. 
Expected: 
The records count and information should be correct. 
</msg>
<status status="PASS" starttime="20191108 16:25:52.228" endtime="20191108 16:25:52.228"></status>
</kw>
<kw name="Platform Login User Pwd">
<arguments>
<arg>admin</arg>
<arg>123456</arg>
</arguments>
<assign>
<var>${login_result} =</var>
</assign>
<msg timestamp="20191108 16:25:52.228" level="FAIL">No keyword with name 'Platform Login User Pwd' found.</msg>
<status status="FAIL" starttime="20191108 16:25:52.228" endtime="20191108 16:25:52.228"></status>
</kw>
<tags>
<tag>Smoke</tag>
</tags>
<status status="FAIL" starttime="20191108 16:25:52.228" endtime="20191108 16:25:52.243" critical="yes">No keyword with name 'Platform Login User Pwd' found.</status>
</test>
<test id="s1-t13" name="SmokeTest_0013_Core_4182_07.01.02 Worklist workflow fuzzy query by accession number.">
<kw name="Log" library="BuiltIn">
<doc>Logs the given message with the given level.</doc>
<arguments>
<arg>Step 1 \n Description \n 1. Prepare some patients /exams in PS system. \n Expected: \n 1. The preparation can finish successfully. \n</arg>
</arguments>
<msg timestamp="20191108 16:25:52.243" level="INFO">Step 1 
Description 
1. Prepare some patients /exams in PS system. 
Expected: 
1. The preparation can finish successfully. 
</msg>
<status status="PASS" starttime="20191108 16:25:52.243" endtime="20191108 16:25:52.243"></status>
</kw>
<kw name="Log" library="BuiltIn">
<doc>Logs the given message with the given level.</doc>
<arguments>
<arg>Step 2 \n Description: \n 1. Use the fuzzy query API to simalute the fuzzy query operation with patient`s accession number. \n Expected: \n The records count and information should be correct. \n</arg>
</arguments>
<msg timestamp="20191108 16:25:52.243" level="INFO">Step 2 
Description: 
1. Use the fuzzy query API to simalute the fuzzy query operation with patient`s accession number. 
Expected: 
The records count and information should be correct. 
</msg>
<status status="PASS" starttime="20191108 16:25:52.243" endtime="20191108 16:25:52.243"></status>
</kw>
<kw name="Platform Login User Pwd">
<arguments>
<arg>admin</arg>
<arg>123456</arg>
</arguments>
<assign>
<var>${login_result} =</var>
</assign>
<msg timestamp="20191108 16:25:52.243" level="FAIL">No keyword with name 'Platform Login User Pwd' found.</msg>
<status status="FAIL" starttime="20191108 16:25:52.243" endtime="20191108 16:25:52.243"></status>
</kw>
<tags>
<tag>Smoke</tag>
</tags>
<status status="FAIL" starttime="20191108 16:25:52.243" endtime="20191108 16:25:52.243" critical="yes">No keyword with name 'Platform Login User Pwd' found.</status>
</test>
<test id="s1-t14" name="SmokeTest_0014_Core_4183_07.01.03 Worklist workflow fuzzy query by patient name.">
<kw name="Log" library="BuiltIn">
<doc>Logs the given message with the given level.</doc>
<arguments>
<arg>Step 1 \n Description \n 1. Prepare some patients /exams in PS system. \n Expected: \n 1. The preparation can finish successfully. \n</arg>
</arguments>
<msg timestamp="20191108 16:25:52.243" level="INFO">Step 1 
Description 
1. Prepare some patients /exams in PS system. 
Expected: 
1. The preparation can finish successfully. 
</msg>
<status status="PASS" starttime="20191108 16:25:52.243" endtime="20191108 16:25:52.243"></status>
</kw>
<kw name="Log" library="BuiltIn">
<doc>Logs the given message with the given level.</doc>
<arguments>
<arg>Step 2 \n Description: \n 1. Use the fuzzy query API to simalute the fuzzy query operation with patient`s accession number. \n Expected: \n The records count and information should be correct. \n</arg>
</arguments>
<msg timestamp="20191108 16:25:52.243" level="INFO">Step 2 
Description: 
1. Use the fuzzy query API to simalute the fuzzy query operation with patient`s accession number. 
Expected: 
The records count and information should be correct. 
</msg>
<status status="PASS" starttime="20191108 16:25:52.243" endtime="20191108 16:25:52.243"></status>
</kw>
<kw name="Platform Login User Pwd">
<arguments>
<arg>admin</arg>
<arg>123456</arg>
</arguments>
<assign>
<var>${login_result} =</var>
</assign>
<msg timestamp="20191108 16:25:52.243" level="FAIL">No keyword with name 'Platform Login User Pwd' found.</msg>
<status status="FAIL" starttime="20191108 16:25:52.243" endtime="20191108 16:25:52.243"></status>
</kw>
<tags>
<tag>Smoke</tag>
</tags>
<status status="FAIL" starttime="20191108 16:25:52.243" endtime="20191108 16:25:52.243" critical="yes">No keyword with name 'Platform Login User Pwd' found.</status>
</test>
<test id="s1-t15" name="SmokeTest_0015_Core_4184_07.01.04 Worklist workflow create a short cut with condition of patient type.">
<kw name="Log" library="BuiltIn">
<doc>Logs the given message with the given level.</doc>
<arguments>
<arg>Step 1 \n Description: \n 1. Prepare some patients/exams in PS system. \n Expected: \n 1. The preparation can finish successfully. \n</arg>
</arguments>
<msg timestamp="20191108 16:25:52.259" level="INFO">Step 1 
Description: 
1. Prepare some patients/exams in PS system. 
Expected: 
1. The preparation can finish successfully. 
</msg>
<status status="PASS" starttime="20191108 16:25:52.259" endtime="20191108 16:25:52.259"></status>
</kw>
<kw name="Log" library="BuiltIn">
<doc>Logs the given message with the given level.</doc>
<arguments>
<arg>Step 2 \n Description:\n 1.Clear the query condition with API in worklist. \n Expected Result:\n 1. The operation can execute successfully. \n</arg>
</arguments>
<msg timestamp="20191108 16:25:52.259" level="INFO">Step 2 
Description:
1.Clear the query condition with API in worklist. 
Expected Result:
1. The operation can execute successfully. 
</msg>
<status status="PASS" starttime="20191108 16:25:52.259" endtime="20191108 16:25:52.259"></status>
</kw>
<kw name="Log" library="BuiltIn">
<doc>Logs the given message with the given level.</doc>
<arguments>
<arg>Step 3 \n Description: \n 1. Use the query API to query all records of one patient type. \n Expected:\n 1. The query result should be correct. \n</arg>
</arguments>
<msg timestamp="20191108 16:25:52.259" level="INFO">Step 3 
Description: 
1. Use the query API to query all records of one patient type. 
Expected:
1. The query result should be correct. 
</msg>
<status status="PASS" starttime="20191108 16:25:52.259" endtime="20191108 16:25:52.259"></status>
</kw>
<kw name="Platform Login User Pwd">
<arguments>
<arg>admin</arg>
<arg>123456</arg>
</arguments>
<assign>
<var>${login_result} =</var>
</assign>
<msg timestamp="20191108 16:25:52.259" level="FAIL">No keyword with name 'Platform Login User Pwd' found.</msg>
<status status="FAIL" starttime="20191108 16:25:52.259" endtime="20191108 16:25:52.259"></status>
</kw>
<tags>
<tag>Smoke</tag>
</tags>
<status status="FAIL" starttime="20191108 16:25:52.259" endtime="20191108 16:25:52.259" critical="yes">No keyword with name 'Platform Login User Pwd' found.</status>
</test>
<status status="FAIL" starttime="20191108 16:25:51.899" endtime="20191108 16:25:52.259"></status>
</suite>
<statistics>
<total>
<stat pass="0" fail="15">Critical Tests</stat>
<stat pass="0" fail="15">All Tests</stat>
</total>
<tag>
<stat pass="0" fail="15">Smoke</stat>
</tag>
<suite>
<stat pass="0" fail="15" id="s1" name="SmokeTest">SmokeTest</stat>
</suite>
</statistics>
<errors>
<msg timestamp="20191108 16:25:52.087" level="ERROR">Error in file 'D:\PUMA_AUTO\RF_PUMA\PUMA\SmokeTest.robot': Importing test library 'PUMA_ParameterAndSettings' failed: ModuleNotFoundError: No module named 'PUMA_ParameterAndSettings'
Traceback (most recent call last):
  None
PYTHONPATH:
  C:\Program Files (x86)\Python37\Scripts\robot.exe
  D:\PUMA_AUTO\RF_PUMA\PUMA\Libs；
  c:\program files (x86)\python37\python37.zip
  c:\program files (x86)\python37\DLLs
  c:\program files (x86)\python37\lib
  c:\program files (x86)\python37
  c:\program files (x86)\python37\lib\site-packages
  c:\program files (x86)\python37\lib\site-packages\win32
  c:\program files (x86)\python37\lib\site-packages\win32\lib
  c:\program files (x86)\python37\lib\site-packages\Pythonwin</msg>
<msg timestamp="20191108 16:25:52.087" level="ERROR">Error in file 'D:\PUMA_AUTO\RF_PUMA\PUMA\SmokeTest.robot': Importing test library 'PUMA_DatabaseLibrary' failed: ModuleNotFoundError: No module named 'PUMA_DatabaseLibrary'
Traceback (most recent call last):
  None
PYTHONPATH:
  C:\Program Files (x86)\Python37\Scripts\robot.exe
  D:\PUMA_AUTO\RF_PUMA\PUMA\Libs；
  c:\program files (x86)\python37\python37.zip
  c:\program files (x86)\python37\DLLs
  c:\program files (x86)\python37\lib
  c:\program files (x86)\python37
  c:\program files (x86)\python37\lib\site-packages
  c:\program files (x86)\python37\lib\site-packages\win32
  c:\program files (x86)\python37\lib\site-packages\win32\lib
  c:\program files (x86)\python37\lib\site-packages\Pythonwin</msg>
<msg timestamp="20191108 16:25:52.103" level="ERROR">Error in file 'D:\PUMA_AUTO\RF_PUMA\PUMA\SmokeTest.robot': Importing test library 'PUMA_FilmLibrary' failed: ModuleNotFoundError: No module named 'PUMA_FilmLibrary'
Traceback (most recent call last):
  None
PYTHONPATH:
  C:\Program Files (x86)\Python37\Scripts\robot.exe
  D:\PUMA_AUTO\RF_PUMA\PUMA\Libs；
  c:\program files (x86)\python37\python37.zip
  c:\program files (x86)\python37\DLLs
  c:\program files (x86)\python37\lib
  c:\program files (x86)\python37
  c:\program files (x86)\python37\lib\site-packages
  c:\program files (x86)\python37\lib\site-packages\win32
  c:\program files (x86)\python37\lib\site-packages\win32\lib
  c:\program files (x86)\python37\lib\site-packages\Pythonwin</msg>
<msg timestamp="20191108 16:25:52.103" level="ERROR">Error in file 'D:\PUMA_AUTO\RF_PUMA\PUMA\SmokeTest.robot': Importing test library 'PUMA_HoldTimeLibrary' failed: ModuleNotFoundError: No module named 'PUMA_HoldTimeLibrary'
Traceback (most recent call last):
  None
PYTHONPATH:
  C:\Program Files (x86)\Python37\Scripts\robot.exe
  D:\PUMA_AUTO\RF_PUMA\PUMA\Libs；
  c:\program files (x86)\python37\python37.zip
  c:\program files (x86)\python37\DLLs
  c:\program files (x86)\python37\lib
  c:\program files (x86)\python37
  c:\program files (x86)\python37\lib\site-packages
  c:\program files (x86)\python37\lib\site-packages\win32
  c:\program files (x86)\python37\lib\site-packages\win32\lib
  c:\program files (x86)\python37\lib\site-packages\Pythonwin</msg>
<msg timestamp="20191108 16:25:52.103" level="ERROR">Error in file 'D:\PUMA_AUTO\RF_PUMA\PUMA\SmokeTest.robot': Importing test library 'PUMA_PatientLibrary' failed: ModuleNotFoundError: No module named 'PUMA_PatientLibrary'
Traceback (most recent call last):
  None
PYTHONPATH:
  C:\Program Files (x86)\Python37\Scripts\robot.exe
  D:\PUMA_AUTO\RF_PUMA\PUMA\Libs；
  c:\program files (x86)\python37\python37.zip
  c:\program files (x86)\python37\DLLs
  c:\program files (x86)\python37\lib
  c:\program files (x86)\python37
  c:\program files (x86)\python37\lib\site-packages
  c:\program files (x86)\python37\lib\site-packages\win32
  c:\program files (x86)\python37\lib\site-packages\win32\lib
  c:\program files (x86)\python37\lib\site-packages\Pythonwin</msg>
<msg timestamp="20191108 16:25:52.118" level="ERROR">Error in file 'D:\PUMA_AUTO\RF_PUMA\PUMA\SmokeTest.robot': Importing test library 'PUMA_PlatformLibrary' failed: ModuleNotFoundError: No module named 'PUMA_PlatformLibrary'
Traceback (most recent call last):
  None
PYTHONPATH:
  C:\Program Files (x86)\Python37\Scripts\robot.exe
  D:\PUMA_AUTO\RF_PUMA\PUMA\Libs；
  c:\program files (x86)\python37\python37.zip
  c:\program files (x86)\python37\DLLs
  c:\program files (x86)\python37\lib
  c:\program files (x86)\python37
  c:\program files (x86)\python37\lib\site-packages
  c:\program files (x86)\python37\lib\site-packages\win32
  c:\program files (x86)\python37\lib\site-packages\win32\lib
  c:\program files (x86)\python37\lib\site-packages\Pythonwin</msg>
<msg timestamp="20191108 16:25:52.118" level="ERROR">Error in file 'D:\PUMA_AUTO\RF_PUMA\PUMA\SmokeTest.robot': Importing test library 'PUMA_PrintModeLibrary' failed: ModuleNotFoundError: No module named 'PUMA_PrintModeLibrary'
Traceback (most recent call last):
  None
PYTHONPATH:
  C:\Program Files (x86)\Python37\Scripts\robot.exe
  D:\PUMA_AUTO\RF_PUMA\PUMA\Libs；
  c:\program files (x86)\python37\python37.zip
  c:\program files (x86)\python37\DLLs
  c:\program files (x86)\python37\lib
  c:\program files (x86)\python37
  c:\program files (x86)\python37\lib\site-packages
  c:\program files (x86)\python37\lib\site-packages\win32
  c:\program files (x86)\python37\lib\site-packages\win32\lib
  c:\program files (x86)\python37\lib\site-packages\Pythonwin</msg>
<msg timestamp="20191108 16:25:52.134" level="ERROR">Error in file 'D:\PUMA_AUTO\RF_PUMA\PUMA\SmokeTest.robot': Importing test library 'PUMA_ReportLibrary' failed: ModuleNotFoundError: No module named 'PUMA_ReportLibrary'
Traceback (most recent call last):
  None
PYTHONPATH:
  C:\Program Files (x86)\Python37\Scripts\robot.exe
  D:\PUMA_AUTO\RF_PUMA\PUMA\Libs；
  c:\program files (x86)\python37\python37.zip
  c:\program files (x86)\python37\DLLs
  c:\program files (x86)\python37\lib
  c:\program files (x86)\python37
  c:\program files (x86)\python37\lib\site-packages
  c:\program files (x86)\python37\lib\site-packages\win32
  c:\program files (x86)\python37\lib\site-packages\win32\lib
  c:\program files (x86)\python37\lib\site-packages\Pythonwin</msg>
<msg timestamp="20191108 16:25:52.134" level="ERROR">Error in file 'D:\PUMA_AUTO\RF_PUMA\PUMA\SmokeTest.robot': Importing test library 'PUMA_TerminalLibrary' failed: ModuleNotFoundError: No module named 'PUMA_TerminalLibrary'
Traceback (most recent call last):
  None
PYTHONPATH:
  C:\Program Files (x86)\Python37\Scripts\robot.exe
  D:\PUMA_AUTO\RF_PUMA\PUMA\Libs；
  c:\program files (x86)\python37\python37.zip
  c:\program files (x86)\python37\DLLs
  c:\program files (x86)\python37\lib
  c:\program files (x86)\python37
  c:\program files (x86)\python37\lib\site-packages
  c:\program files (x86)\python37\lib\site-packages\win32
  c:\program files (x86)\python37\lib\site-packages\win32\lib
  c:\program files (x86)\python37\lib\site-packages\Pythonwin</msg>
</errors>
</robot>
